** EXPORT FAILED **

** EXPORT FAILED **

** EXPORT FAILED **

Exported AppStore_adhoc.xcarchive to: /Users/mc/UnityFullNew/code/Unity/iOS/build
** EXPORT SUCCEEDED **

** EXPORT FAILED **

** EXPORT FAILED **

** EXPORT FAILED **

** EXPORT FAILED **

** EXPORT FAILED **

** EXPORT FAILED **

** EXPORT FAILED **

Exported AppStore_adhoc.xcarchive to: /Users/mc/UnityFullNew/code/Unity/iOS/build
** EXPORT SUCCEEDED **

Exported AppStore_adhoc.xcarchive to: /Users/mc/UnityFullNew/code/Unity/iOS/build
** EXPORT SUCCEEDED **

Exported AppStore_adhoc.xcarchive to: /Users/mc/UnityFullNew/code/Unity/iOS/build
** EXPORT SUCCEEDED **

I, [2017-12-06T12:14:40.973009 #77090]  INFO -- : Login succeed, previous user's email: jxc608@163.com
I, [2017-12-06T12:14:40.974560 #77090]  INFO -- : Login succeed, current  user's email: jxc608@163.com
I, [2017-12-06T12:14:40.974587 #77090]  INFO -- : 
I, [2017-12-06T12:14:41.760406 #77094]  INFO -- : Publishing app via jxc608<jxc608@163.com>.......
I, [2017-12-06T12:14:41.760490 #77094]  INFO -- : ✈ -------------------------------------------- ✈
I, [2017-12-06T12:14:43.429723 #77094]  INFO -- : Fetching com.snaplingo.musicgame@fir.im uploading info......
I, [2017-12-06T12:14:43.429778 #77094]  INFO -- : Uploading app: musicgame-0.9.0(Build 2)
I, [2017-12-06T12:14:43.584638 #77094]  INFO -- : Uploading app icon......
I, [2017-12-06T12:14:43.584794 #77094]  INFO -- : Converting app's icon......
I, [2017-12-06T12:14:44.020401 #77094]  INFO -- : Uploading app binary......
I, [2017-12-06T12:15:29.578990 #77094]  INFO -- : Updating devices info......
I, [2017-12-06T12:15:29.639914 #77094]  INFO -- : Fetch app info from fir.im
I, [2017-12-06T12:15:29.691322 #77094]  INFO -- : ✈ -------------------------------------------- ✈
I, [2017-12-06T12:15:29.691390 #77094]  INFO -- : Published succeed: http://fir.im/snaplingo
I, [2017-12-06T12:15:29.691434 #77094]  INFO -- : 
Exported AppStore_adhoc.xcarchive to: /Users/mc/UnityFullNew/code/Unity/iOS/build
** EXPORT SUCCEEDED **

I, [2017-12-06T12:20:49.826005 #77902]  INFO -- : Login succeed, previous user's email: jxc608@163.com
I, [2017-12-06T12:20:49.827581 #77902]  INFO -- : Login succeed, current  user's email: jxc608@163.com
I, [2017-12-06T12:20:49.827611 #77902]  INFO -- : 
I, [2017-12-06T12:20:50.654797 #77906]  INFO -- : Publishing app via jxc608<jxc608@163.com>.......
I, [2017-12-06T12:20:50.654889 #77906]  INFO -- : ✈ -------------------------------------------- ✈
I, [2017-12-06T12:20:52.300094 #77906]  INFO -- : Fetching com.snaplingo.musicgame@fir.im uploading info......
I, [2017-12-06T12:20:52.300143 #77906]  INFO -- : Uploading app: musicgame-0.9.0(Build 2)
I, [2017-12-06T12:20:52.412169 #77906]  INFO -- : Uploading app icon......
I, [2017-12-06T12:20:52.412304 #77906]  INFO -- : Converting app's icon......
I, [2017-12-06T12:20:52.843932 #77906]  INFO -- : Uploading app binary......
I, [2017-12-06T12:21:32.476007 #77906]  INFO -- : Updating devices info......
I, [2017-12-06T12:21:32.527712 #77906]  INFO -- : Fetch app info from fir.im
I, [2017-12-06T12:21:32.589590 #77906]  INFO -- : ✈ -------------------------------------------- ✈
I, [2017-12-06T12:21:32.589648 #77906]  INFO -- : Published succeed: http://fir.im/snaplingo
I, [2017-12-06T12:21:32.589690 #77906]  INFO -- : 
Exported AppStore_adhoc.xcarchive to: /Users/mc/UnityFullNew/code/Unity/iOS/build
** EXPORT SUCCEEDED **

I, [2017-12-07T11:29:34.979895 #11502]  INFO -- : Login succeed, previous user's email: jxc608@163.com
I, [2017-12-07T11:29:34.982402 #11502]  INFO -- : Login succeed, current  user's email: jxc608@163.com
I, [2017-12-07T11:29:34.982433 #11502]  INFO -- : 
I, [2017-12-07T11:29:35.799242 #11506]  INFO -- : Publishing app via jxc608<jxc608@163.com>.......
I, [2017-12-07T11:29:35.799300 #11506]  INFO -- : ✈ -------------------------------------------- ✈
I, [2017-12-07T11:29:37.525980 #11506]  INFO -- : Fetching com.snaplingo.musicgame@fir.im uploading info......
I, [2017-12-07T11:29:37.526033 #11506]  INFO -- : Uploading app: musicgame-0.9.0(Build 2)
I, [2017-12-07T11:29:37.626257 #11506]  INFO -- : Uploading app icon......
I, [2017-12-07T11:29:37.626396 #11506]  INFO -- : Converting app's icon......
I, [2017-12-07T11:29:38.001637 #11506]  INFO -- : Uploading app binary......
I, [2017-12-07T11:30:13.179115 #11506]  INFO -- : Updating devices info......
I, [2017-12-07T11:30:13.217096 #11506]  INFO -- : Fetch app info from fir.im
I, [2017-12-07T11:30:13.260360 #11506]  INFO -- : ✈ -------------------------------------------- ✈
I, [2017-12-07T11:30:13.260422 #11506]  INFO -- : Published succeed: http://fir.im/snaplingo
I, [2017-12-07T11:30:13.260459 #11506]  INFO -- : 
Exported AppStore_adhoc.xcarchive to: /Users/mc/UnityFullNew/code/Unity/iOS/build
** EXPORT SUCCEEDED **

I, [2017-12-07T11:36:25.768519 #12626]  INFO -- : Login succeed, previous user's email: jxc608@163.com
I, [2017-12-07T11:36:25.770415 #12626]  INFO -- : Login succeed, current  user's email: jxc608@163.com
I, [2017-12-07T11:36:25.770462 #12626]  INFO -- : 
I, [2017-12-07T11:36:26.611128 #12630]  INFO -- : Publishing app via jxc608<jxc608@163.com>.......
I, [2017-12-07T11:36:26.611205 #12630]  INFO -- : ✈ -------------------------------------------- ✈
I, [2017-12-07T11:36:28.563152 #12630]  INFO -- : Fetching com.snaplingo.musicgame@fir.im uploading info......
I, [2017-12-07T11:36:28.563209 #12630]  INFO -- : Uploading app: musicgame-0.9.0(Build 2)
I, [2017-12-07T11:36:28.673665 #12630]  INFO -- : Uploading app icon......
I, [2017-12-07T11:36:28.673822 #12630]  INFO -- : Converting app's icon......
I, [2017-12-07T11:36:29.161390 #12630]  INFO -- : Uploading app binary......
I, [2017-12-07T11:37:09.545022 #12630]  INFO -- : Updating devices info......
I, [2017-12-07T11:37:09.585893 #12630]  INFO -- : Fetch app info from fir.im
I, [2017-12-07T11:37:09.647528 #12630]  INFO -- : ✈ -------------------------------------------- ✈
I, [2017-12-07T11:37:09.647584 #12630]  INFO -- : Published succeed: http://fir.im/snaplingo
I, [2017-12-07T11:37:09.647625 #12630]  INFO -- : 
Exported AppStore_adhoc.xcarchive to: /Users/mc/UnityFullNew/code/Unity/iOS/build
** EXPORT SUCCEEDED **

I, [2017-12-14T11:38:05.455298 #2027]  INFO -- : Login succeed, previous user's email: jxc608@163.com
I, [2017-12-14T11:38:05.458113 #2027]  INFO -- : Login succeed, current  user's email: jxc608@163.com
I, [2017-12-14T11:38:05.458141 #2027]  INFO -- : 
I, [2017-12-14T11:38:06.289933 #2031]  INFO -- : Publishing app via jxc608<jxc608@163.com>.......
I, [2017-12-14T11:38:06.290013 #2031]  INFO -- : ✈ -------------------------------------------- ✈
I, [2017-12-14T11:38:08.439808 #2031]  INFO -- : Fetching com.snaplingo.musicgame@fir.im uploading info......
I, [2017-12-14T11:38:08.439871 #2031]  INFO -- : Uploading app: musicgame-0.9.0(Build 2)
I, [2017-12-14T11:38:08.571799 #2031]  INFO -- : Uploading app icon......
I, [2017-12-14T11:38:08.571903 #2031]  INFO -- : Converting app's icon......
I, [2017-12-14T11:38:08.946586 #2031]  INFO -- : Uploading app binary......
I, [2017-12-14T11:39:11.375249 #2031]  INFO -- : Updating devices info......
I, [2017-12-14T11:39:11.434103 #2031]  INFO -- : Fetch app info from fir.im
I, [2017-12-14T11:39:11.481162 #2031]  INFO -- : ✈ -------------------------------------------- ✈
I, [2017-12-14T11:39:11.481249 #2031]  INFO -- : Published succeed: http://fir.im/snaplingo
I, [2017-12-14T11:39:11.481284 #2031]  INFO -- : 
** EXPORT FAILED **

I, [2017-12-14T11:56:50.358026 #4300]  INFO -- : Login succeed, previous user's email: jxc608@163.com
I, [2017-12-14T11:56:50.360252 #4300]  INFO -- : Login succeed, current  user's email: jxc608@163.com
I, [2017-12-14T11:56:50.360281 #4300]  INFO -- : 
I, [2017-12-14T11:56:51.251762 #4304]  INFO -- : Publishing app via jxc608<jxc608@163.com>.......
I, [2017-12-14T11:56:51.251833 #4304]  INFO -- : ✈ -------------------------------------------- ✈
I, [2017-12-14T11:56:53.457943 #4304]  INFO -- : Fetching com.snaplingo.musicgame@fir.im uploading info......
I, [2017-12-14T11:56:53.457995 #4304]  INFO -- : Uploading app: musicgame-0.9.0(Build 2)
I, [2017-12-14T11:56:53.644327 #4304]  INFO -- : Uploading app icon......
I, [2017-12-14T11:56:53.644449 #4304]  INFO -- : Converting app's icon......
I, [2017-12-14T11:56:54.174220 #4304]  INFO -- : Uploading app binary......
I, [2017-12-14T11:57:42.296289 #4304]  INFO -- : Updating devices info......
I, [2017-12-14T11:57:42.367135 #4304]  INFO -- : Fetch app info from fir.im
I, [2017-12-14T11:57:42.489446 #4304]  INFO -- : ✈ -------------------------------------------- ✈
I, [2017-12-14T11:57:42.489500 #4304]  INFO -- : Published succeed: http://fir.im/snaplingo
I, [2017-12-14T11:57:42.489537 #4304]  INFO -- : 
** EXPORT FAILED **

I, [2017-12-14T13:29:23.771315 #6123]  INFO -- : Login succeed, previous user's email: jxc608@163.com
I, [2017-12-14T13:29:23.773961 #6123]  INFO -- : Login succeed, current  user's email: jxc608@163.com
I, [2017-12-14T13:29:23.774015 #6123]  INFO -- : 
I, [2017-12-14T13:29:25.054381 #6127]  INFO -- : Publishing app via jxc608<jxc608@163.com>.......
I, [2017-12-14T13:29:25.054456 #6127]  INFO -- : ✈ -------------------------------------------- ✈
I, [2017-12-14T13:29:27.341692 #6127]  INFO -- : Fetching com.snaplingo.musicgame@fir.im uploading info......
I, [2017-12-14T13:29:27.341750 #6127]  INFO -- : Uploading app: musicgame-0.9.0(Build 2)
I, [2017-12-14T13:29:27.460423 #6127]  INFO -- : Uploading app icon......
I, [2017-12-14T13:29:27.460536 #6127]  INFO -- : Converting app's icon......
I, [2017-12-14T13:29:27.848453 #6127]  INFO -- : Uploading app binary......
I, [2017-12-14T13:30:28.677428 #6127]  INFO -- : Updating devices info......
I, [2017-12-14T13:30:28.792292 #6127]  INFO -- : Fetch app info from fir.im
I, [2017-12-14T13:30:28.863309 #6127]  INFO -- : ✈ -------------------------------------------- ✈
I, [2017-12-14T13:30:28.863396 #6127]  INFO -- : Published succeed: http://fir.im/snaplingo
I, [2017-12-14T13:30:28.863423 #6127]  INFO -- : 
** EXPORT FAILED **

I, [2017-12-14T13:57:11.975907 #8154]  INFO -- : Login succeed, previous user's email: jxc608@163.com
I, [2017-12-14T13:57:11.977841 #8154]  INFO -- : Login succeed, current  user's email: jxc608@163.com
I, [2017-12-14T13:57:11.977867 #8154]  INFO -- : 
I, [2017-12-14T13:57:12.822161 #8158]  INFO -- : Publishing app via jxc608<jxc608@163.com>.......
I, [2017-12-14T13:57:12.822230 #8158]  INFO -- : ✈ -------------------------------------------- ✈
I, [2017-12-14T13:57:15.025533 #8158]  INFO -- : Fetching com.snaplingo.musicgame@fir.im uploading info......
I, [2017-12-14T13:57:15.025589 #8158]  INFO -- : Uploading app: musicgame-0.9.0(Build 2)
I, [2017-12-14T13:57:15.159136 #8158]  INFO -- : Uploading app icon......
I, [2017-12-14T13:57:15.159249 #8158]  INFO -- : Converting app's icon......
I, [2017-12-14T13:57:15.519733 #8158]  INFO -- : Uploading app binary......
I, [2017-12-14T13:58:12.739369 #8158]  INFO -- : Updating devices info......
I, [2017-12-14T13:58:12.786401 #8158]  INFO -- : Fetch app info from fir.im
I, [2017-12-14T13:58:12.848270 #8158]  INFO -- : ✈ -------------------------------------------- ✈
I, [2017-12-14T13:58:12.848323 #8158]  INFO -- : Published succeed: http://fir.im/snaplingo
I, [2017-12-14T13:58:12.848352 #8158]  INFO -- : 
** EXPORT FAILED **

I, [2017-12-14T14:04:29.077700 #9682]  INFO -- : Login succeed, previous user's email: jxc608@163.com
I, [2017-12-14T14:04:29.079834 #9682]  INFO -- : Login succeed, current  user's email: jxc608@163.com
I, [2017-12-14T14:04:29.079868 #9682]  INFO -- : 
I, [2017-12-14T14:04:30.146644 #9686]  INFO -- : Publishing app via jxc608<jxc608@163.com>.......
I, [2017-12-14T14:04:30.146713 #9686]  INFO -- : ✈ -------------------------------------------- ✈
I, [2017-12-14T14:04:32.326848 #9686]  INFO -- : Fetching com.snaplingo.musicgame@fir.im uploading info......
I, [2017-12-14T14:04:32.326901 #9686]  INFO -- : Uploading app: musicgame-0.9.0(Build 2)
I, [2017-12-14T14:04:32.445168 #9686]  INFO -- : Uploading app icon......
I, [2017-12-14T14:04:32.445275 #9686]  INFO -- : Converting app's icon......
I, [2017-12-14T14:04:32.802385 #9686]  INFO -- : Uploading app binary......
I, [2017-12-14T14:05:16.699903 #9686]  INFO -- : Updating devices info......
I, [2017-12-14T14:05:16.742501 #9686]  INFO -- : Fetch app info from fir.im
I, [2017-12-14T14:05:16.786957 #9686]  INFO -- : ✈ -------------------------------------------- ✈
I, [2017-12-14T14:05:16.787029 #9686]  INFO -- : Published succeed: http://fir.im/snaplingo
I, [2017-12-14T14:05:16.787060 #9686]  INFO -- : 
** EXPORT FAILED **

I, [2017-12-14T15:19:50.794080 #11289]  INFO -- : Login succeed, previous user's email: jxc608@163.com
I, [2017-12-14T15:19:50.796888 #11289]  INFO -- : Login succeed, current  user's email: jxc608@163.com
I, [2017-12-14T15:19:50.796922 #11289]  INFO -- : 
I, [2017-12-14T15:19:51.643183 #11293]  INFO -- : Publishing app via jxc608<jxc608@163.com>.......
I, [2017-12-14T15:19:51.643260 #11293]  INFO -- : ✈ -------------------------------------------- ✈
I, [2017-12-14T15:19:53.811108 #11293]  INFO -- : Fetching com.snaplingo.musicgame@fir.im uploading info......
I, [2017-12-14T15:19:53.811176 #11293]  INFO -- : Uploading app: musicgame-0.9.0(Build 2)
I, [2017-12-14T15:19:53.942268 #11293]  INFO -- : Uploading app icon......
I, [2017-12-14T15:19:53.942388 #11293]  INFO -- : Converting app's icon......
I, [2017-12-14T15:19:54.364623 #11293]  INFO -- : Uploading app binary......
I, [2017-12-14T15:20:46.112279 #11293]  INFO -- : Updating devices info......
I, [2017-12-14T15:20:46.245084 #11293]  INFO -- : Fetch app info from fir.im
I, [2017-12-14T15:20:46.301332 #11293]  INFO -- : ✈ -------------------------------------------- ✈
I, [2017-12-14T15:20:46.301385 #11293]  INFO -- : Published succeed: http://fir.im/snaplingo
I, [2017-12-14T15:20:46.301415 #11293]  INFO -- : 
** EXPORT FAILED **

I, [2017-12-14T15:27:28.142271 #12430]  INFO -- : Login succeed, previous user's email: jxc608@163.com
I, [2017-12-14T15:27:28.144236 #12430]  INFO -- : Login succeed, current  user's email: jxc608@163.com
I, [2017-12-14T15:27:28.144267 #12430]  INFO -- : 
I, [2017-12-14T15:27:29.094614 #12435]  INFO -- : Publishing app via jxc608<jxc608@163.com>.......
I, [2017-12-14T15:27:29.094734 #12435]  INFO -- : ✈ -------------------------------------------- ✈
I, [2017-12-14T15:27:31.265192 #12435]  INFO -- : Fetching com.snaplingo.musicgame@fir.im uploading info......
I, [2017-12-14T15:27:31.265245 #12435]  INFO -- : Uploading app: musicgame-0.9.0(Build 2)
I, [2017-12-14T15:27:31.389568 #12435]  INFO -- : Uploading app icon......
I, [2017-12-14T15:27:31.389677 #12435]  INFO -- : Converting app's icon......
I, [2017-12-14T15:27:31.792698 #12435]  INFO -- : Uploading app binary......
I, [2017-12-14T15:28:21.814551 #12435]  INFO -- : Updating devices info......
I, [2017-12-14T15:28:21.853899 #12435]  INFO -- : Fetch app info from fir.im
I, [2017-12-14T15:28:21.910659 #12435]  INFO -- : ✈ -------------------------------------------- ✈
I, [2017-12-14T15:28:21.910712 #12435]  INFO -- : Published succeed: http://fir.im/snaplingo
I, [2017-12-14T15:28:21.910739 #12435]  INFO -- : 
** EXPORT FAILED **

I, [2017-12-14T15:40:43.372263 #13605]  INFO -- : Login succeed, previous user's email: jxc608@163.com
I, [2017-12-14T15:40:43.375051 #13605]  INFO -- : Login succeed, current  user's email: jxc608@163.com
I, [2017-12-14T15:40:43.375097 #13605]  INFO -- : 
I, [2017-12-14T15:40:44.221786 #13609]  INFO -- : Publishing app via jxc608<jxc608@163.com>.......
I, [2017-12-14T15:40:44.221857 #13609]  INFO -- : ✈ -------------------------------------------- ✈
I, [2017-12-14T15:40:46.538294 #13609]  INFO -- : Fetching com.snaplingo.musicgame@fir.im uploading info......
I, [2017-12-14T15:40:46.538345 #13609]  INFO -- : Uploading app: musicgame-0.9.0(Build 2)
I, [2017-12-14T15:40:46.632984 #13609]  INFO -- : Uploading app icon......
I, [2017-12-14T15:40:46.633098 #13609]  INFO -- : Converting app's icon......
I, [2017-12-14T15:40:46.978238 #13609]  INFO -- : Uploading app binary......
I, [2017-12-14T15:41:32.397292 #13609]  INFO -- : Updating devices info......
I, [2017-12-14T15:41:32.493469 #13609]  INFO -- : Fetch app info from fir.im
I, [2017-12-14T15:41:32.578617 #13609]  INFO -- : ✈ -------------------------------------------- ✈
I, [2017-12-14T15:41:32.578672 #13609]  INFO -- : Published succeed: http://fir.im/snaplingo
I, [2017-12-14T15:41:32.578704 #13609]  INFO -- : 
** EXPORT FAILED **

I, [2017-12-14T17:22:03.413572 #19911]  INFO -- : Login succeed, previous user's email: jxc608@163.com
I, [2017-12-14T17:22:03.415226 #19911]  INFO -- : Login succeed, current  user's email: jxc608@163.com
I, [2017-12-14T17:22:03.415254 #19911]  INFO -- : 
I, [2017-12-14T17:22:04.261029 #19915]  INFO -- : Publishing app via jxc608<jxc608@163.com>.......
I, [2017-12-14T17:22:04.261103 #19915]  INFO -- : ✈ -------------------------------------------- ✈
I, [2017-12-14T17:22:06.479786 #19915]  INFO -- : Fetching com.snaplingo.musicgame@fir.im uploading info......
I, [2017-12-14T17:22:06.479867 #19915]  INFO -- : Uploading app: musicgame-0.9.0(Build 2)
I, [2017-12-14T17:22:06.650115 #19915]  INFO -- : Uploading app icon......
I, [2017-12-14T17:22:06.650226 #19915]  INFO -- : Converting app's icon......
I, [2017-12-14T17:22:06.995232 #19915]  INFO -- : Uploading app binary......
I, [2017-12-14T17:23:00.148015 #19915]  INFO -- : Updating devices info......
I, [2017-12-14T17:23:00.192758 #19915]  INFO -- : Fetch app info from fir.im
I, [2017-12-14T17:23:00.245201 #19915]  INFO -- : ✈ -------------------------------------------- ✈
I, [2017-12-14T17:23:00.245250 #19915]  INFO -- : Published succeed: http://fir.im/mdr4
I, [2017-12-14T17:23:00.245282 #19915]  INFO -- : 
